<?xml version="1.0" encoding="UTF-8"?>
<testsuite xmlns:xsi="http://www.w3.org/2001/XMLSchema-instance" xsi:noNamespaceSchemaLocation="https://maven.apache.org/surefire/maven-surefire-plugin/xsd/surefire-test-report.xsd" version="3.0.2" name="com.example.compiler.CompilerBackendApplicationTests" time="4.285" tests="1" errors="0" skipped="0" failures="0">
  <properties>
[...]
</properties>
  <testcase name="contextLoads" classname="com.example.compiler.CompilerBackendApplicationTests" time="0.849">
    <system-out><![CDATA[02:05:00.142 [main] INFO org.springframework.test.context.support.AnnotationConfigContextLoaderUtils -- Could not detect default configuration classes for test class [com.example.compiler.CompilerBackendApplicationTests]: CompilerBackendApplicationTests does not declare any static, non-private, non-final, nested classes annotated with @Configuration.
02:05:00.275 [main] INFO org.springframework.boot.test.context.SpringBootTestContextBootstrapper -- Found @SpringBootConfiguration com.example.compiler.CompilerBackendApplication for test class com.example.compiler.CompilerBackendApplicationTests
02:05:00.438 [main] INFO org.springframework.boot.devtools.restart.RestartApplicationListener -- Restart disabled due to context in which it is running

  .   ____          _            __ _ _
 /\\ / ___'_ __ _ _(_)_ __  __ _ \ \ \ \
( ( )\___ | '_ | '_| | '_ \/ _` | \ \ \ \
 \\/  ___)| |_)| | | | | || (_| |  ) ) ) )
  '  |____| .__|_| |_|_| |_\__, | / / / /
 =========|_|==============|___/=/_/_/_/

 :: Spring Boot ::                (v3.4.4)

2025-05-02T02:05:00.776+05:30  INFO 375422 --- [compiler-backend] [           main] c.e.c.CompilerBackendApplicationTests    : Starting CompilerBackendApplicationTests using Java 21.0.7 with PID 375422 (started by rishav in /home/rishav/Downloads/compiler-backend)
2025-05-02T02:05:00.781+05:30  INFO 375422 --- [compiler-backend] [           main] c.e.c.CompilerBackendApplicationTests    : No active profile set, falling back to 1 default profile: "default"
2025-05-02T02:05:02.417+05:30  INFO 375422 --- [compiler-backend] [           main] o.s.b.a.w.s.WelcomePageHandlerMapping    : Adding welcome page: class path resource [static/index.html]
2025-05-02T02:05:03.082+05:30  INFO 375422 --- [compiler-backend] [           main] o.s.b.a.e.web.EndpointLinksResolver      : Exposing 1 endpoint beneath base path '/actuator'
2025-05-02T02:05:03.156+05:30  INFO 375422 --- [compiler-backend] [           main] c.e.c.CompilerBackendApplicationTests    : Started CompilerBackendApplicationTests in 2.732 seconds (process running for 3.901)
]]></system-out>
    <system-err><![CDATA[Mockito is currently self-attaching to enable the inline-mock-maker. This will no longer work in future releases of the JDK. Please add Mockito as an agent to your build what is described in Mockito's documentation: https://javadoc.io/doc/org.mockito/mockito-core/latest/org/mockito/Mockito.html#0.3
WARNING: A Java agent has been loaded dynamically (/home/rishav/.m2/repository/net/bytebuddy/byte-buddy-agent/1.15.11/byte-buddy-agent-1.15.11.jar)
WARNING: If a serviceability tool is in use, please run with -XX:+EnableDynamicAgentLoading to hide this warning
WARNING: If a serviceability tool is not in use, please run with -Djdk.instrument.traceUsage for more information
WARNING: Dynamic loading of agents will be disallowed by default in a future release
]]></system-err>
  </testcase>
</testsuite>